1.000000000000000000e+01,2.000000000000000000e+00,3.141592653589793116e+00,0.000000000000000000e+00,4.000000000000000000e+00,-5.000000000000000000e+00,-2.000000000000000000e+00,0.000000000000000000e+00,0.000000000000000000e+00,4.000000000000000000e+00
9.509593665969854115e+00,1.999947809411551924e+00,3.141901979421363400e+00,4.753887142743259096e-03,5.808126778420433567e+00,-4.612941112002213906e+00,-1.998285304231107284e+00,1.343403741640025045e-02,2.771952668147426024e-01,3.741315405415722495e+00
8.881829187573917039e+00,1.999547526558004051e+00,3.142515539503610178e+00,3.106133670275229922e-03,6.747165538937448304e+00,-4.246100706602378594e+00,-1.988256893019365812e+00,4.208620948333528788e-02,3.283943006749501237e-01,3.598484775641424882e+00
8.184656714582621007e+00,1.998759218228445267e+00,3.142869372277236728e+00,9.769212843061601641e-04,7.196292908369446906e+00,-3.890557932464507651e+00,-1.967950088757633553e+00,7.181748345315992765e-02,3.161338085458309521e-01,3.524221829629855307e+00
7.455631745001506161e+00,1.997791650673043984e+00,3.142932060552131368e+00,-2.835928610651772134e-04,7.384219327793074328e+00,-3.541209662351097798e+00,-1.937904563201237718e+00,9.940823116335449627e-02,2.936488332701281401e-01,3.488758931624579063e+00
6.714220590262039323e+00,1.996828506506391321e+00,3.142837354885027246e+00,-7.376920917138015624e-04,7.444016284513091719e+00,-3.195264427012985742e+00,-1.898898287212084979e+00,1.248600944579506544e-01,2.753111006807262839e-01,3.474175471964558781e+00
5.969546432282592185e+00,1.995951411490660243e+00,3.142705388305862435e+00,-6.800245840398514135e-04,7.449477216515282052e+00,-2.851303482129019518e+00,-1.851503357607193534e+00,1.488076000144459288e-01,2.630436164094118734e-01,3.470208522739400614e+00
5.225130628846964775e+00,1.995162908392071222e+00,3.142608136185752965e+00,-3.650373800425543063e-04,7.438847210112072617e+00,-2.508690641990562575e+00,-1.796081611712406101e+00,1.718207586494394923e-01,2.554656106093267098e-01,3.471273869005529811e+00
4.481689708065876410e+00,1.994424718665245289e+00,3.142574423702627850e+00,2.338184591426620447e-06,7.429978536016493607e+00,-2.167213040768874777e+00,-1.732853970376516450e+00,1.942771817131824785e-01,2.507369171213452708e-01,3.474509174963503533e+00
3.738705337083650271e+00,1.993689121585923818e+00,3.142599067125963597e+00,2.630084839907513529e-04,7.429716166858858273e+00,-1.826870685073673783e+00,-1.661964066211421454e+00,2.163767620836740124e-01,2.472521126347654308e-01,3.478568318344664512e+00
2.995247185775094856e+00,1.992921247963520770e+00,3.142653904009360399e+00,3.270508552468193901e-04,7.439454792083713741e+00,-1.487756330999753462e+00,-1.583526359616066914e+00,2.381768712798708332e-01,2.436886041898431166e-01,3.482920519888868860e+00
2.250363677565256015e+00,1.992111228311877813e+00,3.142702036494647633e+00,1.899461391451038597e-04,7.458224182071294450e+00,-1.149986289203403622e+00,-1.497662662568583158e+00,2.596191224809878406e-01,2.389120666293398365e-01,3.487469122565146407e+00
1.503240263469357574e+00,1.991275492292630567e+00,3.142711969769049318e+00,-8.342459618400261702e-05,7.484253448517478091e+00,-8.136570664035551737e-01,-1.404531554090589163e+00,2.805447731001151634e-01,2.318773496431289494e-01,3.492364508563135850e+00
7.532447364241224852e-01,1.990449318767485209e+00,3.142666565111861043e+00,-4.006728683477868793e-04,7.515666194600264305e+00,-4.788125562911543787e-01,-1.304353573331474836e+00,3.007009953358577570e-01,2.215430780277022338e-01,3.497931900613423295e+00
-7.498450754048202604e-05,1.989675527832945434e+00,3.142564093321200680e+00,-6.873197040709633525e-04,7.550736178838267421e+00,-1.455333463770789870e-01,-1.197453060711803019e+00,3.199029779435527132e-01,2.104972150303435763e-01,3.502254257624374034e+00
-7.570101793397012724e-01,1.988994646779060460e+00,3.142413384693878431e+00,-9.053304655586189801e-04,7.587973856834825170e+00,1.859773126959790857e-01,-1.084243101866744219e+00,3.380780310836575264e-01,1.987483628289618554e-01,3.504005519544986846e+00
-1.517716811058119841e+00,1.988439227605762971e+00,3.142227690571361531e+00,-1.047408757475317385e-03,7.626162854714793937e+00,5.154746705980792765e-01,-9.651818638278345519e-01,3.552529708177412648e-01,1.885089146791144032e-01,3.503051057345790475e+00
-2.282243103987805721e+00,1.988032103390805494e+00,3.142020233789641459e+00,-1.123353744294537573e-03,7.664365199312076271e+00,8.426198492363774495e-01,-8.407445650075704435e-01,3.715669154971064092e-01,1.801272676032655840e-01,3.497272548251047830e+00
-3.050555187413069635e+00,1.987787104119844495e+00,3.141802019648521682e+00,-1.148765145961607760e-03,7.701877280934482428e+00,1.166975200493125531e+00,-7.114035068859708710e-01,3.872373102492329688e-01,1.750913565078310308e-01,3.486651806814490051e+00
-3.822557624853686331e+00,1.987710781352813427e+00,3.141581367419018278e+00,-1.137786825829541475e-03,7.738171574655453355e+00,1.488330066797642459e+00,-5.774794326143458667e-01,4.024086800361394989e-01,1.700566239799522483e-01,3.476305399461111278e+00
-4.598106581002546100e+00,1.987804178906420249e+00,3.141364242850287258e+00,-1.101938323689221049e-03,7.772807691266777397e+00,1.806750822641205678e+00,-4.391714890891352252e-01,4.170362780646212908e-01,1.638774329397957308e-01,3.466979529829946394e+00
-5.377014001614398353e+00,1.988064323974442216e+00,3.141154800415353776e+00,-1.049238142011441315e-03,7.805341618295337014e+00,2.122325222401129974e+00,-2.967310530554990722e-01,4.307457400962089733e-01,1.502690927399525089e-01,3.457711291044819113e+00
-6.159042536766326847e+00,1.988485285786038226e+00,3.140956040802769689e+00,-9.840745951574065772e-04,7.835231376505010559e+00,2.435527708986251483e+00,-1.503644303364757573e-01,4.434625728860080995e-01,1.419034497206692336e-01,3.456638906688379365e+00
-6.943890682206023790e+00,1.989058763298136689e+00,3.140770363317367586e+00,-9.085875646058683315e-04,7.861735745158929589e+00,2.746999515317019025e+00,-7.308567765124639182e-05,4.555969248116248926e-01,1.369701036067114408e-01,3.460112989973459285e+00
-7.731166959965434238e+00,1.989774384700391030e+00,3.140599695245839484e+00,-8.257135605580420961e-04,7.883796334023035257e+00,3.057159018076921697e+00,1.541858866306299869e-01,4.674228791573140085e-01,1.344649061519390398e-01,3.467978989091956343e+00
-8.520350562904182468e+00,1.990620134633009686e+00,3.140444994066194262e+00,-7.425283183246662172e-04,7.899884804199063026e+00,3.365833287226787984e+00,3.122605510384470762e-01,4.791516900486017527e-01,1.344649061519390398e-01,3.467978989091956343e+00
-9.310733539576817819e+00,1.991583320691636905e+00,3.140305437866070637e+00,-6.700250465471581460e-04,7.907786479773749377e+00,3.674648584013627151e+00,4.748478376599563622e-01,4.896334707651152640e-01,1.047024948577620629e-01,3.512067700379165380e+00
-1.010133581112498469e+01,1.992651993736458182e+00,3.140178142643022419e+00,-6.180533032905375680e-04,7.904273407329172940e+00,3.985021411861541019e+00,6.420122101726895014e-01,4.982307634310318978e-01,8.979753114087254962e-02,3.538492147944412913e+00
-1.089077816527405318e+01,1.993816067876144293e+00,3.140059011754541274e+00,-5.891741488119927109e-04,7.884590849863283069e+00,4.295897550865381831e+00,8.127059464095455210e-01,5.059409443881239810e-01,8.368918765233623880e-02,3.554629831612873048e+00
-1.167708812380988803e+01,1.995067158019245390e+00,3.139944580304948385e+00,-5.750489541585179169e-04,7.841628235395138091e+00,4.606709029682153123e+00,9.864154033776205699e-01,5.133135799840375935e-01,8.158359644296545032e-02,3.566587060838327439e+00
-1.246124980789284997e+01,1.996403715691637659e+00,3.139831847289630051e+00,-5.750489541585179169e-04,7.841628235395138091e+00,4.916761117466818654e+00,1.162689542289490285e+00,5.206041371845364640e-01,8.158359644296545032e-02,3.566587060838327439e+00
