1.000000000000000000e+01,2.000000000000000000e+00,3.141592653589793116e+00,0.000000000000000000e+00,4.000000000000000000e+00,-5.000000000000000000e+00,-2.000000000000000000e+00,0.000000000000000000e+00,0.000000000000000000e+00,4.000000000000000000e+00
9.251551191918302663e+00,2.001029532604375216e+00,3.137792242755547800e+00,-3.515654563961974344e-02,1.096900017697229579e+01,-4.612254508466564040e+00,-1.995928296159785065e+00,3.262443758402414073e-02,6.331492001375548240e-01,3.755695176463485829e+00
8.132123971898293391e+00,2.010516876616620596e+00,3.128687657061110627e+00,-2.991903695295963089e-02,1.142042562544710727e+01,-4.235047085505244446e+00,-1.970600713866088594e+00,1.011950227616119635e-01,6.219538308913684643e-01,3.806921867398621373e+00
6.993267844256461530e+00,2.029634167726923621e+00,3.121309716349557117e+00,-2.188158887851485504e-02,1.135995755919022265e+01,-3.858892974361142869e+00,-1.919728790337100532e+00,1.668784175614173582e-01,5.886248639266676852e-01,3.786013768079553365e+00
5.857903607546073310e+00,2.055785430418060056e+00,3.116177435361995762e+00,-1.426699733177147315e-02,1.135337489508223463e+01,-3.491130085697032648e+00,-1.846166644334436890e+00,2.272087633235740367e-01,5.545079949070018666e-01,3.716082069863207771e+00
4.723809614881316676e+00,2.086555836722689072e+00,3.113070108854549822e+00,-7.641724110744561871e-03,1.133686127903684415e+01,-3.135121018475281129e+00,-1.753417378624560818e+00,2.816833136189314524e-01,5.145519636675998099e-01,3.642677566202597639e+00
3.592206323414522284e+00,2.119758922379261445e+00,3.111719697625801473e+00,-1.898258931979508214e-03,1.130494654322954950e+01,-2.790608981769525876e+00,-1.644440236721118165e+00,3.301945938476550380e-01,4.707229394932565536e-01,3.584774851468442769e+00
2.463357764704988906e+00,2.153528621669123844e+00,3.111887900063231793e+00,3.091432170263295077e-03,1.128212469334271795e+01,-2.456037282385702625e+00,-1.521533192753453445e+00,3.731008483321158753e-01,4.264650672664754283e-01,3.544428675000555806e+00
1.335815156564916339e+00,2.186314004942350397e+00,3.113360310686937638e+00,7.351150610314692753e-03,1.127826047147557098e+01,-2.129799430538810157e+00,-1.386509533871561839e+00,4.109955759865001612e-01,3.843419454890872333e-01,3.517510018445767273e+00
2.079455243701530676e-01,2.216812079685761105e+00,3.115919005353404714e+00,1.079010228821518889e-02,1.128738364512171266e+01,-1.810646458527659819e+00,-1.240878637476360735e+00,4.445288659424127542e-01,3.459032007202561543e-01,3.498999423585203772e+00
-9.210552246339763771e-01,2.243953372247494027e+00,3.119310251967293279e+00,1.323142892839273936e-02,1.129916601756553085e+01,-1.498060167389568154e+00,-1.086120026293232232e+00,4.743684982929463057e-01,3.133967363481454660e-01,3.477230101587097444e+00
-2.050991662591782561e+00,2.266798880309102149e+00,3.123641174200710857e+00,1.742264617958711945e-02,1.130419895354024895e+01,-1.192731237374785813e+00,-9.240911079414247942e-01,5.009056626436528825e-01,2.823769456218722107e-01,3.436123325544620855e+00
-3.181221529889204813e+00,2.284420468308807628e+00,3.128263939134680260e+00,1.529126892265350243e-02,1.130316577003358880e+01,-8.963182829971958476e-01,-7.572198191789851762e-01,5.240887871240207385e-01,2.497517217114636756e-01,3.367165597980084968e+00
-4.311150345883723034e+00,2.297061489921941924e+00,3.132529070642560587e+00,1.490201152423701811e-02,1.129684184390855073e+01,-6.106233642041157816e-01,-5.882342844033376927e-01,5.436520319240342181e-01,2.130596823899355841e-01,3.271545523859301419e+00
-5.440295866392959923e+00,2.304893099761865738e+00,3.136809014616035007e+00,1.541840825495219627e-02,1.128662898732076947e+01,-3.355262153089040300e-01,-4.188657887730371510e-01,5.595395592357225167e-01,1.752019537337423938e-01,3.189609961965441443e+00
-6.568334628623381910e+00,2.307825022178743080e+00,3.141188302232940543e+00,1.563671594399488468e-02,1.127424048992386041e+01,-6.882670724883055424e-02,-2.493730050786282515e-01,5.723126100578955766e-01,1.452716470062476450e-01,3.130446679187356196e+00
-7.695082979158453185e+00,2.305841988969916656e+00,3.145478707708536437e+00,1.482290357271646639e-02,1.126077870618276044e+01,1.917922330489227611e-01,-7.948465823706016287e-02,5.827403004103416384e-01,1.212232793215248794e-01,3.091616000014175469e+00
-8.820427611340390328e+00,2.299239299899983102e+00,3.149336791395465962e+00,1.260126760062087875e-02,1.124651529626413371e+01,4.481072421498835667e-01,9.104154964373889491e-02,5.909974548843077713e-01,9.247362731024048876e-02,3.065562270308409332e+00
-9.944250158846994481e+00,2.288727632189207384e+00,3.152393619132953795e+00,9.156312244996635610e-03,1.123092760675877066e+01,7.012494233858095338e-01,2.619739914311979279e-01,5.962136249270021393e-01,4.384527202382439842e-02,3.043417249320051532e+00
-1.106635305713013651e+01,2.275369158374580980e+00,3.154419116011403901e+00,5.282066835155327031e-03,1.121272446480836926e+01,9.522129148603136750e-01,4.326989069587641734e-01,5.980077266770105204e-01,3.389860421339183777e-03,3.027157575539108691e+00
-1.218637070901631247e+01,2.260346060245287614e+00,3.155437470417301604e+00,1.989954806258281000e-03,1.118964455216692322e+01,1.201655202309155346e+00,6.024773382508977759e-01,5.966820135068966469e-01,-3.857503388877523559e-02,3.007614502845950888e+00
-1.330353073449085421e+01,2.244646349549711317e+00,3.155781976982811265e+00,4.760514857438286366e-04,1.115576227869783743e+01,1.450125608698173307e+00,7.705765037173484266e-01,5.924945914875158204e-01,-7.299524506402815804e-02,2.992218981431787661e+00
-1.441662713890195668e+01,2.228813413096489615e+00,3.155817534160247018e+00,-2.210163873661059202e-04,1.110841781027155939e+01,1.698374588584864897e+00,9.366326753545566319e-01,5.864022686113378180e-01,-8.983718891423371489e-02,2.981138005920059619e+00
-1.552431098250210795e+01,2.213090362927784049e+00,3.155754223234373601e+00,-2.362005353083399678e-04,1.104749076590157664e+01,1.946552608524138250e+00,1.100303225351078718e+00,5.795927428685723193e-01,-9.289861164254901993e-02,2.964641002281443782e+00
-1.662480107690134901e+01,2.197540980418999368e+00,3.155687709158100596e+00,-2.472884371425132901e-04,1.096450806758784502e+01,2.194177393828641076e+00,1.261199268525563966e+00,5.728677245450011224e-01,-8.877845646314626304e-02,2.941488006953903778e+00
-1.771497355361618631e+01,2.182211798855927309e+00,3.155617194402958514e+00,-2.701611606167118700e-04,1.084109683836751792e+01,2.441885401841329184e+00,1.419830762187497042e+00,5.663219994178450012e-01,-8.877845646314626304e-02,2.941488006953903778e+00
-1.879031601873977664e+01,2.167171105542187171e+00,3.155537805318240352e+00,-3.205306273857166975e-04,1.066785609162086779e+01,2.685787413909175747e+00,1.573613679895602635e+00,5.582146679202646400e-01,-1.354941581810362172e-01,2.825238401228268081e+00
-1.984622309617836677e+01,2.152493824354954288e+00,3.155442447910260295e+00,-4.021453593015293041e-04,1.045232553272663090e+01,2.920540189274254850e+00,1.718609489092477238e+00,5.481662429654552415e-01,-1.539502489744101754e-01,2.693213949183267175e+00
-2.087972705515201000e+01,2.138236774466156120e+00,3.155326977470068517e+00,-4.919233883721393658e-04,1.021972030578090518e+01,3.146018917884594313e+00,1.854694464066505510e+00,5.378262502192333594e-01,-1.576227268084154365e-01,2.574058416095420299e+00
-2.189300085077891822e+01,2.124383267402338404e+00,3.155199841499370272e+00,-5.118029926722837859e-04,1.004764958718106804e+01,3.366919055856097742e+00,1.984944137221938520e+00,5.277245343698514501e-01,-1.549386355093182455e-01,2.554778003260072872e+00
-2.289767366806774262e+01,2.110776244279489955e+00,3.155071281059942834e+00,-5.118029926722837859e-04,1.004764958718106804e+01,3.588278449884929611e+00,2.112491712103615527e+00,5.177487345909251859e-01,-1.549386355093182455e-01,2.554778003260072872e+00
