1.000000000000000000e+01,2.000000000000000000e+00,3.141592653589793116e+00,0.000000000000000000e+00,4.000000000000000000e+00,-5.000000000000000000e+00,-2.000000000000000000e+00,0.000000000000000000e+00,0.000000000000000000e+00,4.000000000000000000e+00
9.437442445494887977e+00,1.999952892976797791e+00,3.141831551612953355e+00,3.098826641280463465e-03,7.251151158638715621e+00,-4.621542471246426587e+00,-1.997538560222979376e+00,1.993643082471956152e-02,4.170697120860893392e-01,3.569442524917954884e+00
8.654286599169525473e+00,1.999563562945158468e+00,3.142304570841853995e+00,1.766017569612776368e-03,8.411967849709748535e+00,-4.273426040371444579e+00,-1.983593043195251981e+00,6.096491557579561404e-02,4.635369519052349729e-01,3.398959099196200206e+00
7.799498803799958857e+00,1.998815642080691513e+00,3.142605261223817337e+00,1.051939751997979728e-03,8.683794666472936186e+00,-3.937159220232748336e+00,-1.956113756494814337e+00,1.016021011110230660e-01,4.342094882192219507e-01,3.349260000636880896e+00
6.933160659991616903e+00,1.997852783482115369e+00,3.142787738064818370e+00,6.327699919467118760e-04,8.642978935156934384e+00,-3.604666532955674629e+00,-1.915855701942989597e+00,1.388633258553774730e-01,4.030775203259405193e-01,3.349548184830327457e+00
6.074054268864189865e+00,1.996779057525228440e+00,3.142883942263259733e+00,2.623368100556358541e-04,8.539162313702041374e+00,-3.272973919521089403e+00,-1.863547438475507967e+00,1.736142467952473400e-01,3.818355133610438767e-01,3.366626094125316548e+00
5.224010239038172188e+00,1.995666266670995892e+00,3.142909470032186015e+00,-2.252056368756698193e-05,8.461732850839046804e+00,-2.941431940880012252e+00,-1.799668804186785875e+00,2.068413624115938154e-01,3.681573664923591394e-01,3.386478453868178917e+00
4.379483880255207850e+00,1.994561171936994448e+00,3.142887003766800635e+00,-1.904059964704042825e-04,8.428808785767175848e+00,-2.610328371902794320e+00,-1.724564777845800423e+00,2.391113499491877570e-01,3.584416712115877091e-01,3.404108907294190800e+00
3.536441435026195901e+00,1.993489470697247246e+00,3.142837707929284186e+00,-2.773778886260233893e-04,8.432053744311373222e+00,-2.280243713535314409e+00,-1.638536996612022678e+00,2.706590521320118570e-01,3.501883951516991389e-01,3.418392444461676227e+00
2.691976188905577327e+00,1.992464649009332733e+00,3.142772548494106033e+00,-3.398752475936833565e-04,8.457263618063434407e+00,-1.951777055067588584e+00,-1.541891422018323965e+00,3.015212090637843789e-01,3.418715701589257749e-01,3.429673507568447910e+00
1.844495331052803166e+00,1.991497408537530767e+00,3.142692807122536625e+00,-4.128117913698646740e-04,8.492364582718229471e+00,-1.625441611328951597e+00,-1.434960779968470268e+00,3.316197164411342491e-01,3.324975450391058907e-01,3.438743700431153627e+00
9.934076146213033365e-01,1.990601154326964162e+00,3.142595473633693182e+00,-5.020320469684230952e-04,8.529399190809327180e+00,-1.301629681877870537e+00,-1.318116172730975588e+00,3.608006675874055880e-01,3.212849728968368845e-01,3.446464725314620559e+00
1.387357323048977187e-01,1.989792835435114426e+00,3.142477945724730048e+00,-5.980010270486068669e-04,8.564046110158644254e+00,-9.805998975011009922e-01,-1.191775058946618504e+00,3.888460857184289354e-01,3.074580633723937861e-01,3.453680238746517972e+00
-7.191898435216480534e-01,1.989091197197883965e+00,3.142339695172096992e+00,-6.911045972260104015e-04,8.594471158256945742e+00,-6.627988456165088138e-01,-1.056534705292379916e+00,4.156096070308561985e-01,2.936541175192318720e-01,3.454129330193032921e+00
-1.579928982447839081e+00,1.988514733780263777e+00,3.142182122038222225e+00,-7.733915082346062104e-04,8.620315498832441747e+00,-3.487988063225581636e-01,-9.131235857320160187e-01,4.410251504416943247e-01,2.791294401857928875e-01,3.450048788932701171e+00
-2.443047418875432530e+00,1.988079892225335543e+00,3.142008567694982712e+00,-8.352079740893248545e-04,8.642055442130919474e+00,-3.897621562467357137e-02,-7.622605850159869245e-01,4.650235500822972878e-01,2.641965463404049030e-01,3.442131775496389601e+00
-3.308175116123826420e+00,1.987799469682466791e+00,3.141823566517221167e+00,-8.755181931910412238e-04,8.660499436474212942e+00,2.663065756847745602e-01,-6.047057291078736796e-01,4.876570470995016948e-01,2.511223478246653595e-01,3.428855166791088038e+00
-4.175024963172535131e+00,1.987682240294320613e+00,3.141631404267055228e+00,-8.979049873115407246e-04,8.676497689711387906e+00,5.667238953838827920e-01,-4.411859500497865016e-01,5.091072556907475510e-01,2.404167758787979781e-01,3.412015247076590541e+00
-5.043388168894320067e+00,1.987733514566515147e+00,3.141435474752358736e+00,-9.071386632285898194e-04,8.690766482779531898e+00,8.623632606187052740e-01,-2.721363352607694130e-01,5.296502806688017095e-01,2.330895989526830803e-01,3.399283762414265553e+00
-5.913116875814933948e+00,1.987955906623070756e+00,3.141238523473849131e+00,-9.044726013679294354e-04,8.703808252409247714e+00,1.153584385674356172e+00,-9.772332540660241817e-02,5.494617630580471701e-01,2.255836648107560904e-01,3.389925639218912323e+00
-6.784100522547289458e+00,1.988349647922928343e+00,3.141043191103331633e+00,-8.896613818253255130e-04,8.715866489898290936e+00,1.440620083875560287e+00,8.184706922589828071e-02,5.684623279835677723e-01,2.160318821678263168e-01,3.381734944315298641e+00
-7.656238789917836129e+00,1.988912565484286743e+00,3.140852231072229994e+00,-8.619927811790217614e-04,8.726902517340326071e+00,1.723660132098827846e+00,2.662729369713273675e-01,5.862833246356221606e-01,1.998661514447840348e-01,3.374820104113297248e+00
-8.529412082171550225e+00,1.989639912163877256e+00,3.140668605400449565e+00,-8.203894352416164380e-04,8.736569411011133823e+00,2.003284292263537658e+00,4.553979349576618429e-01,6.029239216135733326e-01,1.894865830254351402e-01,3.376789055949670271e+00
-9.403448044087129531e+00,1.990524120820067466e+00,3.140495465582175516e+00,-7.643561512440073336e-04,8.744158794131861256e+00,2.280161891738908597e+00,6.492973008021167836e-01,6.188449051073074969e-01,1.829494303991734405e-01,3.383701539481781317e+00
-1.027807999057475463e+01,1.991554674325768604e+00,3.140335784133170272e+00,-6.962072360467555033e-04,8.748492296917346422e+00,2.554586003922361126e+00,8.479705806504808097e-01,6.343619396132036403e-01,1.794384431025887738e-01,3.392195996600336549e+00
-1.115288959004842440e+01,1.992718495722313854e+00,3.140191412835597884e+00,-6.240437708890385999e-04,8.747715190890369641e+00,2.826253396463459300e+00,1.051107223279510006e+00,6.497446526277181889e-01,1.794384431025887738e-01,3.392195996600336549e+00
-1.202721009230076277e+01,1.994001237607072818e+00,3.140061950557923254e+00,-5.605189284723003209e-04,8.738713685852056656e+00,3.095488559123646954e+00,1.258638786198269521e+00,6.628848828029471063e-01,1.273360860849550025e-01,3.406585896468824259e+00
-1.289992966829720622e+01,1.995388884306690036e+00,3.139945134342603694e+00,-5.102822865038532255e-04,8.715699907930213541e+00,3.363146239902403245e+00,1.469821420140946522e+00,6.727722235229679493e-01,1.036295411899569863e-01,3.412202457714076154e+00
-1.376935807526018785e+01,1.996868648575017557e+00,3.139837164984991880e+00,-4.831683383238437324e-04,8.672893425296551939e+00,3.628980830229397991e+00,1.683510572589711041e+00,6.812602250243817714e-01,9.480272942290524085e-02,3.409286582568596735e+00
-1.463363346853472002e+01,1.998430602029091174e+00,3.139734115025027084e+00,-4.706777785732868622e-04,8.612642676074221626e+00,3.892988668918158979e+00,1.899318087884815265e+00,6.892607559676523499e-01,9.235080375312970657e-02,3.410497659202894383e+00
-1.549489616608291342e+01,2.000074936081598587e+00,3.139632770529484862e+00,-4.706777785732868622e-04,8.612642676074221626e+00,4.155323259420231174e+00,2.117251336978112519e+00,6.971572726735254522e-01,9.235080375312970657e-02,3.410497659202894383e+00
