1.000000000000000000e+01,2.000000000000000000e+00,3.141592653589793116e+00,0.000000000000000000e+00,4.000000000000000000e+00,-5.000000000000000000e+00,-2.000000000000000000e+00,0.000000000000000000e+00,0.000000000000000000e+00,4.000000000000000000e+00
9.272456109679891867e+00,2.000664947248798065e+00,3.139060495796822448e+00,-2.420754251842500634e-02,1.055088813457269303e+01,-4.611663001449653798e+00,-1.995935609158021151e+00,3.249657764687245709e-02,6.298614121863492787e-01,3.767521026062766509e+00
8.190585353705419180e+00,2.006570184237495447e+00,3.133552081110537291e+00,-1.658145575705998603e-02,1.108687671452838153e+01,-4.230014452729573549e+00,-1.970020040405122908e+00,1.035465392220746850e-01,6.477575817368379507e-01,3.884636967689353071e+00
7.083006640098375328e+00,2.017731845575473137e+00,3.129738321733167350e+00,-1.096017778732193138e-02,1.106583581207518385e+01,-3.842645824256878395e+00,-1.915286609937068674e+00,1.769958293858779619e-01,6.402986772636802826e-01,3.941448309279210527e+00
5.974335837262827908e+00,2.032411117767059405e+00,3.127101328710096162e+00,-8.067602487231553821e-03,1.110953019214440296e+01,-3.458164742058736252e+00,-1.831985766623637879e+00,2.494459291283900315e-01,6.292797640826801597e-01,3.928302580242363007e+00
4.861857260701508032e+00,2.049672275921354814e+00,3.125153163058831396e+00,-5.941083128759809019e-03,1.114272293425131188e+01,-3.083181472658600875e+00,-1.722341009846296567e+00,3.189576388185212941e-01,6.074943517373891932e-01,3.886961954281452414e+00
3.748087728945447061e+00,2.068777600167643005e+00,3.123842703782076846e+00,-3.469992798533367336e-03,1.113594634088633306e+01,-2.720395423868708029e+00,-1.589167971212957831e+00,3.839399674028576293e-01,5.763687372829056077e-01,3.843531988415219480e+00
2.635755073286469408e+00,2.088911850107096679e+00,3.123278326410545258e+00,-5.874560073763255511e-04,1.111435126456126099e+01,-2.370230831595688592e+00,-1.435217803275864235e+00,4.436869537392215124e-01,5.401937749596623650e-01,3.807858199654169162e+00
1.525098307981817225e+00,2.109194426323422356e+00,3.123523646594602798e+00,2.354711271948492154e-03,1.110248775945829181e+01,-2.032190091709320967e+00,-1.262933181601940902e+00,4.982167661140745607e-01,5.030228587993128553e-01,3.781323817696998546e+00
4.147826386162616341e-01,2.128757886970715330e+00,3.124550077923444302e+00,5.039509759334921506e-03,1.110727337256856373e+01,-1.705553967100956303e+00,-1.074414565283102085e+00,5.479800425910161810e-01,4.680399114961402152e-01,3.762144417399842844e+00
-6.966111644228210054e-01,2.146806015038331683e+00,3.126264289900248627e+00,7.297336623545994105e-03,1.112353609171052327e+01,-1.389737925387183104e+00,-8.714960724890922217e-01,5.936209768734428405e-01,4.371031262948925633e-01,3.746254934390767843e+00
-1.809791231285854618e+00,2.162591118330108753e+00,3.128696084901720909e+00,1.017601845689504111e-02,1.114230898682132676e+01,-1.085057681959402665e+00,-6.563388148431505975e-01,6.355467007012693959e-01,4.078044665640217503e-01,3.714122481077831495e+00
-2.924732305408657140e+00,2.175401882642557183e+00,3.131498715286775258e+00,9.931648884914167502e-03,1.115799171289414105e+01,-7.927019813106253032e-01,-4.318170996512359361e-01,6.737177768832430802e-01,3.773934587751459069e-01,3.658756406475323963e+00
-4.041003144075157039e+00,2.185053827796425985e+00,3.134455469866742838e+00,1.125678287337909811e-02,1.116826774459236304e+01,-5.139116351228548707e-01,-2.012188796341356223e-01,7.078504754021368583e-01,3.440647540500784696e-01,3.577604767578149492e+00
-5.158021251684415276e+00,2.191176192693735203e+00,3.137852364686001039e+00,1.306982689630616090e-02,1.117244071639661129e+01,-2.486707897199177675e-01,3.286991664093819043e-02,7.377273461104596475e-01,3.072559464083240433e-01,3.497975282365844762e+00
-6.275212396570528206e+00,2.193255709934943454e+00,3.141663804463785237e+00,1.422144771405104563e-02,1.117143441523970182e+01,4.810387257274860440e-03,2.694933790216877956e-01,7.638380534815664147e-01,2.777044694520069412e-01,3.437446927654136175e+00
-7.392107622644245701e+00,2.190938899006498186e+00,3.145687716480637608e+00,1.459863016857460005e-02,1.116653323524398189e+01,2.487350831072278889e-01,5.087121977925470606e-01,7.871244011229359128e-01,2.545425235624564908e-01,3.395712690396922362e+00
-8.508347443576045777e+00,2.184119797004596464e+00,3.149692146199288167e+00,1.409820852829800353e-02,1.115869467479522115e+01,4.848430657061497673e-01,7.507277131225367217e-01,8.080144713964271252e-01,2.299575419438048551e-01,3.366613751122283560e+00
-9.623638079275034229e+00,2.172970120069249944e+00,3.153418287594878411e+00,1.262629509060680076e-02,1.114824556351937801e+01,7.143199858065143459e-01,9.953170409708437250e-01,8.259549442256474139e-01,1.915152252013773704e-01,3.341191100446719631e+00
-1.073768661718471584e+01,2.157951141334211176e+00,3.156624683996736014e+00,1.039530918430798569e-02,1.113475942883239611e+01,9.382699822160966985e-01,1.241946192598798904e+00,8.406818327708571736e-01,1.584534393800767771e-01,3.321587488020872669e+00
-1.185012144625078356e+01,2.139738672180338419e+00,3.159193557772482119e+00,8.074939442969454248e-03,1.111692477169518156e+01,1.157534127309425287e+00,1.489918681106968901e+00,8.523167542082695780e-01,1.208358203128994945e-01,3.298634801424290330e+00
-1.296030383010406162e+01,2.119030907034115785e+00,3.161221252146767302e+00,6.533257426495223466e-03,1.109058890917422957e+01,1.373007938969126318e+00,1.738621537227715175e+00,8.609620067583360070e-01,8.852946382218837562e-02,3.282634062561481159e+00
-1.406721723803144464e+01,2.096341951585456442e+00,3.162915136419802042e+00,5.705757132455098642e-03,1.105233207726615063e+01,1.585803604442305170e+00,1.987979010589064233e+00,8.674757258247716152e-01,7.008582398696351634e-02,3.273630882140349030e+00
-1.516971219141430893e+01,2.071970362757483919e+00,3.164467911408309853e+00,5.558613884885239310e-03,1.100295609518062179e+01,1.796462424793056956e+00,2.237805970233629704e+00,8.729375534026170280e-01,6.342015889201092771e-02,3.262144936585423594e+00
-1.626644836817349571e+01,2.046048438751586485e+00,3.165973210875680621e+00,5.418282443034545641e-03,1.093789543628130545e+01,2.004834851590675537e+00,2.487579841601607722e+00,8.781048048925258476e-01,6.349415206386486987e-02,3.243430840875572763e+00
-1.735552960597987848e+01,2.018693980077339578e+00,3.167428841959460506e+00,5.270590049034933576e-03,1.085060078093452418e+01,2.211319526492799614e+00,2.737704375039839988e+00,8.832602070446263776e-01,6.349415206386486987e-02,3.243430840875572763e+00
-1.843400032459355842e+01,1.990065467926731113e+00,3.168827188000321815e+00,5.098139324246588576e-03,1.072641358416060697e+01,2.413585558916121254e+00,2.984954101203871613e+00,8.863491583097251603e-01,1.355426449186437898e-02,3.145436303036076353e+00
-1.949799684017873602e+01,1.960368139588393843e+00,3.170156839156262230e+00,4.894770545119431042e-03,1.056180553738807504e+01,2.608873631485968847e+00,3.224386111662702170e+00,8.865665075066787582e-01,-8.056712127005519544e-03,3.034049749038266519e+00
-2.054425756138170200e+01,1.929813925560765142e+00,3.171408669054823992e+00,4.672244491028977771e-03,1.037233117573937236e+01,2.797393670042248814e+00,3.455324933050905489e+00,8.857152563608640117e-01,-1.482581075232845477e-02,2.928250127879397979e+00
-2.157341780488422600e+01,1.898507336477685215e+00,3.172589762606287334e+00,4.504059461255955667e-03,1.022039601200465242e+01,2.981906049645235424e+00,3.680887891747706142e+00,8.846218106021414007e-01,-1.518994140616856947e-02,2.900076390914968272e+00
-2.259494799493000627e+01,1.866244324232568585e+00,3.173740602172375969e+00,4.504059461255955667e-03,1.022039601200465242e+01,3.165773233640340134e+00,3.905158444605730139e+00,8.835204261304868689e-01,-1.518994140616856947e-02,2.900076390914968272e+00
