8.500000000000000000e+00,0.000000000000000000e+00,1.570796326794896558e+00,0.000000000000000000e+00,4.000000000000000000e+00,4.500000000000000000e+00,1.500000000000000000e+01,-1.570796326794896558e+00,0.000000000000000000e+00,4.000000000000000000e+00
8.501618728521595614e+00,7.109784428346986873e-01,1.564472326584015693e+00,-6.205940945072416226e-02,1.021963161044208057e+01,4.504549872471080185e+00,1.461904743576046961e+01,-1.533155678683820078e+00,7.292159892174706615e-01,3.620057583444268090e+00
8.516278640312647141e+00,1.738739489777732405e+00,1.548639235044147577e+00,-6.101653599831495522e-02,1.033789502977124819e+01,4.532686778562495356e+00,1.425890182464065425e+01,-1.452530911632412991e+00,7.281021625223268456e-01,3.606760780343637229e+00
8.546839439084699563e+00,2.768749514340655526e+00,1.533995197845344105e+00,-5.253941400774814197e-02,1.027155520029391944e+01,4.588927789701135573e+00,1.390369762478311166e+01,-1.376294958915558198e+00,6.778510728981786970e-01,3.587562716649120631e+00
8.591117989877101735e+00,3.795537437424357563e+00,1.521864222661571731e+00,-4.181925016348536639e-02,1.028341493704713194e+01,4.670072133174057782e+00,1.355547455474387775e+01,-1.308938518564621845e+00,6.128788789254476788e-01,3.564836912755949605e+00
8.646452815350695431e+00,4.822812740874625526e+00,1.512600398465255180e+00,-3.018859909804217159e-02,1.029194969116506009e+01,4.772363740770714458e+00,1.321466467905336906e+01,-1.250996169594948526e+00,5.410379493763614045e-01,3.552757400337283933e+00
8.709809467229124635e+00,5.850400791103693265e+00,1.506341026102197889e+00,-1.844073015634110912e-02,1.029887098654829991e+01,4.892478019852070759e+00,1.288049554444184608e+01,-1.201858079609896990e+00,4.694656047751041283e-01,3.549969588695859102e+00
8.778118037651051253e+00,6.878591518343875499e+00,1.503067675341572373e+00,-6.972530258742555380e-03,1.031028419599857493e+01,5.027515018505941846e+00,1.255219284379494127e+01,-1.160489109393187723e+00,4.025266206909685618e-01,3.550329856883825741e+00
8.848364710083203022e+00,7.907677868719991565e+00,1.502686111710699324e+00,4.011609711855119303e-03,1.031933854694324104e+01,5.174877023410033416e+00,1.222930995684538047e+01,-1.125812273016548737e+00,3.423191156169055338e-01,3.548445982798479115e+00
8.917614173919233167e+00,8.937262536817661029e+00,1.505023941370683849e+00,1.411208561911349822e-02,1.031888397397488966e+01,5.332200102432026689e+00,1.191169983046646053e+01,-1.096822498001086776e+00,2.898642218803412218e-01,3.540574965912376193e+00
8.983152906278560224e+00,9.966523295696843476e+00,1.509752731164498929e+00,2.256558805860014311e-02,1.030804041435041363e+01,5.497324619026234593e+00,1.159945812274672328e+01,-1.072562708180093471e+00,2.462339183217245875e-01,3.523902690178220887e+00
9.042328241944868950e+00,1.099473718098364117e+01,1.517513856148249518e+00,3.770474254886688192e-02,1.029031739282089042e+01,5.667512605346836985e+00,1.129424578507447308e+01,-1.052252333900954850e+00,2.104555132798340833e-01,3.465309615289800860e+00
9.091315058385390557e+00,1.202152841896523228e+01,1.529497291641670254e+00,5.549090177639836446e-02,1.026898833778532882e+01,5.839672694914190387e+00,1.099847450506152491e+01,-1.035626302604223836e+00,1.732092994511357786e-01,3.379321753325076116e+00
9.126565945352609788e+00,1.304684377534164064e+01,1.543169813919095912e+00,5.102241787329581113e-02,1.024959449275402967e+01,6.010606012851189561e+00,1.071446783063760222e+01,-1.023023558783697995e+00,1.282917061566698491e-01,3.250292027727904376e+00
9.148436360407849577e+00,1.407079805256000604e+01,1.555444908204289600e+00,4.478335049171892901e-02,1.023429041267433526e+01,6.177019684492883300e+00,1.044421818862864448e+01,-1.015647697304685959e+00,5.643810475673745330e-02,3.097269419781746080e+00
9.158490937288270572e+00,1.509357654532230875e+01,1.566278559483795574e+00,3.989936287592321662e-02,1.022236791118177912e+01,6.338009128914119827e+00,1.018510581703865903e+01,-1.015430256445635893e+00,-5.129133051847632740e-02,3.003774144882368269e+00
9.158056649336071331e+00,1.611531134375291785e+01,1.576008435381336170e+00,3.624601865383170196e-02,1.021241052295827423e+01,6.494264594214494757e+00,9.931401947253249318e+00,-1.023550505789088794e+00,-1.659422303491092932e-01,2.955484880737425879e+00
9.148165238979505176e+00,1.713603066574833633e+01,1.584816170597779683e+00,3.275411468376015350e-02,1.020300043510910548e+01,6.645739428505942570e+00,9.678576318646005205e+00,-1.039799905223169008e+00,-2.678826571653087352e-01,2.939168330991412059e+00
9.129800485795810161e+00,1.815565798328820435e+01,1.592607680879026155e+00,2.834819391231515120e-02,1.019290497658860950e+01,6.791822001210293003e+00,9.423235883650376010e+00,-1.063736839552443136e+00,-3.609356925158247464e-01,2.944469737677387844e+00
9.104158387396998009e+00,1.917402892427747219e+01,1.599085447764525991e+00,2.251063360713078873e-02,1.018100503236803256e+01,6.931489836800695414e+00,9.162719466612555763e+00,-1.094608545573554581e+00,-4.300544032298853070e-01,2.967648321396902045e+00
9.072761532332586754e+00,2.019089790887895930e+01,1.603953459637073697e+00,1.576266426223900396e-02,1.016608657851626596e+01,7.063539817090322082e+00,8.895279153916442638e+00,-1.130154431436991125e+00,-4.594606752795632465e-01,2.997949257895597075e+00
9.037327053934170351e+00,2.120590754104493314e+01,1.607169592215200504e+00,9.567050819205670867e-03,1.014648143575337080e+01,7.186914040125184755e+00,8.620390943520344962e+00,-1.167837523603314720e+00,-4.681900558052903838e-01,3.028508108072137883e+00
8.999423595861081537e+00,2.221849250290397393e+01,1.609082582014252472e+00,5.533978584169120356e-03,1.011940410369202148e+01,7.300818282842951312e+00,8.338316468679675353e+00,-1.206126450871755518e+00,-4.645943615432851503e-01,3.055947243609714814e+00
8.960101770507865382e+00,2.322733877073623532e+01,1.610397293252912032e+00,4.882978964068034229e-03,1.007284336835007643e+01,7.404747553962720552e+00,8.049714565899924068e+00,-1.243952409655063152e+00,-4.518376164645682147e-01,3.079313839871332892e+00
8.919755207434322486e+00,2.423045122359526005e+01,1.611580720727154414e+00,4.546994927774415836e-03,1.000562824550081409e+01,7.498415480377960129e+00,7.755659501105152565e+00,-1.280631689662732553e+00,-4.356726074041988861e-01,3.093294694093879027e+00
8.878606620726317900e+00,2.522535058257474105e+01,1.612669504677606946e+00,4.199838257764382764e-03,9.909371514963959626e+00,7.581564228942976769e+00,7.457732205332557207e+00,-1.316630274085730745e+00,-4.356726074041988861e-01,3.093294694093879027e+00
8.836927020021686729e+00,2.620836963586287283e+01,1.613656000561069170e+00,3.820302262686248000e-03,9.768674391736697160e+00,7.651734757968369216e+00,7.165996647633403605e+00,-1.353553026900247813e+00,-4.793701764778957042e-01,2.908163998122212046e+00
8.795119049812539558e+00,2.717316488112852824e+01,1.614535003426372128e+00,3.460059967252327416e-03,9.545339502021009892e+00,7.707352068739863782e+00,6.889914514151922020e+00,-1.390611474070626796e+00,-4.896870256474689098e-01,2.724728932343662091e+00
8.753557544703511439e+00,2.811425704332006958e+01,1.615314599620816027e+00,3.159290683936371441e-03,9.294850108476881090e+00,7.750249634982363744e+00,6.628365892760029077e+00,-1.425807518996241363e+00,-4.867926405508971044e-01,2.576408107375344425e+00
8.712247774047787274e+00,2.903417827475921342e+01,1.616022960716961165e+00,2.994160906261007261e-03,9.122116033254824785e+00,7.783023249595802717e+00,6.374021831368606783e+00,-1.459358897895322693e+00,-4.774154881065895140e-01,2.552770425562497447e+00
8.670694456317187715e+00,2.994544294470704315e+01,1.616705789837711738e+00,2.994160906261007261e-03,9.122116033254824785e+00,7.807219120641454069e+00,6.119905698383957926e+00,-1.492374531590128894e+00,-4.774154881065895140e-01,2.552770425562497447e+00
