8.500000000000000000e+00,0.000000000000000000e+00,1.570796326794896558e+00,0.000000000000000000e+00,4.000000000000000000e+00,4.500000000000000000e+00,1.500000000000000000e+01,-1.570796326794896558e+00,0.000000000000000000e+00,4.000000000000000000e+00
8.501347502576178883e+00,7.598309847576776299e-01,1.565903675356220992e+00,-4.447363738071058448e-02,1.119666017403041458e+01,4.504499314381832598e+00,1.461692174923319953e+01,-1.533893654222599601e+00,7.128571747118089830e-01,3.662541890588958182e+00
8.513891727356893924e+00,1.894480666685955050e+00,1.553727533948600970e+00,-4.133127988674989428e-02,1.149786045759569397e+01,4.532228624983143384e+00,1.425427148142132516e+01,-1.454971690515302063e+00,7.165595859384504829e-01,3.613523404411403739e+00
8.539679307264888664e+00,3.038185546555769889e+00,1.543217928820865170e+00,-3.211329632280699592e-02,1.138215624817546079e+01,4.586830072616198350e+00,1.390196987219647262e+01,-1.379977681480536456e+00,6.818811077496395034e-01,3.518301796840469287e+00
8.575628555187069679e+00,4.174043427635843351e+00,1.535600235760208321e+00,-2.149324683047203893e-02,1.134643135657599622e+01,4.664109956729090456e+00,1.356421700915817574e+01,-1.312785891884782341e+00,6.369481774211344094e-01,3.412624665247499856e+00
8.618418205229207985e+00,5.306678481864055108e+00,1.530951686727825001e+00,-1.131001743602176764e-02,1.132244994440777042e+01,4.759882162362614189e+00,1.324097235556341978e+01,-1.253851532336002883e+00,5.827862078262996404e-01,3.331033847122731650e+00
8.664805229854746216e+00,6.437082566542856377e+00,1.529046948024308294e+00,-2.156004016908152389e-03,1.130466255052441760e+01,4.871029594317067613e+00,1.292978951756286143e+01,-1.202736140536388110e+00,5.248171732956624647e-01,3.278422655678526532e+00
8.711901763923021846e+00,7.566488722762778174e+00,1.529571387267147253e+00,5.867736388703739467e-03,1.130309176207467026e+01,4.995265161339744964e+00,1.262812108623882956e+01,-1.158532717409661128e+00,4.680308427131960602e-01,3.247085836599002739e+00
8.757202774597690365e+00,8.696404639320375551e+00,1.532203972562766969e+00,1.275479783854815974e-02,1.131338811744593009e+01,5.130755005535605484e+00,1.233412367826071687e+01,-1.120239845118654820e+00,4.155546821050490891e-01,3.227627476434929754e+00
8.798536100782937908e+00,9.827541605768772115e+00,1.536600810655297078e+00,1.831771705054371577e-02,1.132446822238041229e+01,5.275888787628491450e+00,1.204668921844767304e+01,-1.086916776411323005e+00,3.691839398970012676e-01,3.212620331682415120e+00
8.834120015955477356e+00,1.095963166432443359e+01,1.542328488285348964e+00,2.213152138299835994e-02,1.132854592621587564e+01,5.428925848151060940e+00,1.176574204313349981e+01,-1.057689202633583125e+00,3.313639032334761980e-01,3.186096565044454820e+00
8.862460388773943265e+00,1.209175830040524957e+01,1.549515705895730289e+00,2.862946826847365817e-02,1.132112889414404755e+01,5.587632454466871401e+00,1.149246493114073608e+01,-1.032158536777708191e+00,2.935617319874842535e-01,3.134460149549483710e+00
8.882093535808030182e+00,1.322308040006713803e+01,1.557249908719705589e+00,2.603946893627049480e-02,1.130877642238564640e+01,5.748901479465100550e+00,1.122918935504705296e+01,-1.010953290411900074e+00,2.422800543135637530e-01,3.040499018298651102e+00
8.893330145565224498e+00,1.435316056451888755e+01,1.564381174275674580e+00,2.443010545392007571e-02,1.129399201490804039e+01,5.908980466444262447e+00,1.097827453567144396e+01,-9.960388271041621389e-01,1.524444857643729445e-01,2.912153394299457965e+00
8.896704929872122136e+00,1.548177722461204020e+01,1.571208828987419315e+00,2.395665739247258147e-02,1.127848594376047409e+01,6.066081979829705872e+00,1.073825867045323967e+01,-9.871291413038006946e-01,9.439962613620776766e-02,2.825060131577733280e+00
8.892444182371630035e+00,1.660885785278680515e+01,1.577936472543166824e+00,2.378650688085847537e-02,1.126333020113263039e+01,6.220887122666544755e+00,1.050520743475389551e+01,-9.824531382978950456e-01,3.889167765388309300e-02,2.770568699616045905e+00
8.880681724661437570e+00,1.773439275346595423e+01,1.584519141275286813e+00,2.298998979475420229e-02,1.124863766604297943e+01,6.373976283814638322e+00,1.027614944714956202e+01,-9.813385113479969890e-01,-6.619556782098631048e-03,2.739562400444236268e+00
8.861737999789797371e+00,1.885835054605066929e+01,1.590678316208211207e+00,2.083539694397044950e-02,1.123374636786302183e+01,6.525616761188539172e+00,1.004902903649553458e+01,-9.834056753508050308e-01,-5.395675602982172997e-02,2.722252057894648303e+00
8.836328578732267403e+00,1.998061923292517861e+01,1.596020012533722277e+00,1.722713160359028162e-02,1.121740631880593320e+01,6.675532806097244531e+00,9.822600157885965189e+00,-9.892670395204019584e-01,-1.182811729199422512e-01,2.708956670155214574e+00
8.805579004514225261e+00,2.110095497163080580e+01,1.600254785796091150e+00,1.299719589348962562e-02,1.119776339623250472e+01,6.823065688662484085e+00,9.595910211881985674e+00,-9.989988523066454240e-01,-1.675704448833200133e-01,2.700474408234155632e+00
8.770788975829059808e+00,2.221889987884965834e+01,1.603390827189875356e+00,9.431074984400666245e-03,1.117196783781933611e+01,6.967456060323195643e+00,9.368431302916008008e+00,-1.011974990760407644e+00,-2.130166302173756854e-01,2.688263957229520607e+00
8.733076825649998653e+00,2.333342677164760559e+01,1.605764585788137744e+00,7.596326263012756139e-03,1.113133223594532772e+01,7.107950868525471755e+00,9.139865975385042418e+00,-1.027753369964730545e+00,-2.490330639720329808e-01,2.677643009135707075e+00
8.693135608337000164e+00,2.444303764500962828e+01,1.607745921190197880e+00,6.678312462201017527e-03,1.107526133041073457e+01,7.244104454548813798e+00,8.909799694914648072e+00,-1.045275971931270753e+00,-2.637794752084100525e-01,2.669136250926450238e+00
8.651353987107299304e+00,2.554609215607370842e+01,1.609555661681151717e+00,6.437126273168596730e-03,1.100165232000801474e+01,7.375524471994704179e+00,8.678417993322353752e+00,-1.063227553083723187e+00,-2.633538107005835016e-01,2.652916526423157784e+00
8.607990463562373407e+00,2.663975937043191422e+01,1.611283594563225785e+00,6.191911028553103921e-03,1.088888142426119821e+01,7.501849156255193662e+00,8.446496390655127584e+00,-1.080768189196430473e+00,-2.559748121265393861e-01,2.629027961771114086e+00
8.563374994215715574e+00,2.771911267941896284e+01,1.612921172481535770e+00,5.934373202184905702e-03,1.071662126862097786e+01,7.623583428678414542e+00,8.213479346441278750e+00,-1.097969662064079976e+00,-2.559748121265393861e-01,2.629027961771114086e+00
8.517902579191027002e+00,2.877845349700070798e+01,1.614456610509731549e+00,5.649233411972593225e-03,1.048970730771262971e+01,7.738056036046161879e+00,7.984717364224724001e+00,-1.116186977986188156e+00,-2.993543369620811356e-01,2.487135917063106660e+00
8.471964610735684076e+00,2.981292193057996087e+01,1.615878935773861214e+00,5.337942106886567339e-03,1.022005288209270013e+01,7.841735009810776980e+00,7.767404026405346329e+00,-1.135261729796436914e+00,-3.145396610985036201e-01,2.328512495743289890e+00
8.425861562586410614e+00,3.082009605443770894e+01,1.617186456149345641e+00,5.035377400202321538e-03,9.944523499819981183e+00,7.935233667531900181e+00,7.561547172908178460e+00,-1.153665687895138792e+00,-3.149994237804233377e-01,2.193455483209168833e+00
8.379582984803572998e+00,3.180399228686358981e+01,1.618400231614899987e+00,4.822093579383139074e-03,9.755157939858387195e+00,8.022114668845569341e+00,7.360704928657343160e+00,-1.171315751773003511e+00,-3.091570341076739226e-01,2.183171465971934566e+00
8.332589210430866089e+00,3.277837544548724935e+01,1.619576247841744809e+00,4.822093579383139074e-03,9.755157939858387195e+00,8.105269573669421135e+00,7.158847475755857559e+00,-1.188748282783225418e+00,-3.091570341076739226e-01,2.183171465971934566e+00
