8.500000000000000000e+00,0.000000000000000000e+00,1.570796326794896558e+00,0.000000000000000000e+00,4.000000000000000000e+00,4.500000000000000000e+00,1.500000000000000000e+01,-1.570796326794896558e+00,0.000000000000000000e+00,4.000000000000000000e+00
8.499952892976800456e+00,5.625575545051075821e-01,1.571035224818057463e+00,3.098826641280439179e-03,7.251151158638716510e+00,4.502461439777021290e+00,1.462154247124643014e+01,-1.550859895970177593e+00,4.170697120860837326e-01,3.569442524917946002e+00
8.499563562945162687e+00,1.345713400830467421e+00,1.571508244046958547e+00,1.766017569612670117e-03,8.411967849709750311e+00,4.516406956804748241e+00,1.427342604037145257e+01,-1.509831411219102026e+00,4.635369519052272014e-01,3.398959099196191325e+00
8.498815642080698396e+00,2.200501196200035814e+00,1.571808934428921445e+00,1.051939751997695667e-03,8.683794666472937962e+00,4.543886243505186329e+00,1.393715922023275589e+01,-1.469194225683875477e+00,4.342094882192136240e-01,3.349260000636876455e+00
8.497852783482121808e+00,3.066839340008377324e+00,1.571991411269922700e+00,6.327699919467619661e-04,8.642978935156936160e+00,4.584144298057009514e+00,1.360466653295568307e+01,-1.431933000939521694e+00,4.030775203259316375e-01,3.349548184830327457e+00
8.496779057525232659e+00,3.925945731135802585e+00,1.572087615468364508e+00,2.623368100554843369e-04,8.539162313702043150e+00,4.636452561524491145e+00,1.327297391952109784e+01,-1.397182079999652604e+00,3.818355133610349950e-01,3.366626094125320989e+00
8.495666266670998112e+00,4.775989760961821595e+00,1.572113143237291677e+00,-2.252056368832240657e-05,8.461732850839048581e+00,4.700331195813212126e+00,1.294143194088002069e+01,-1.363954964383306878e+00,3.681573664923502576e-01,3.386478453868187799e+00
8.494561171936995336e+00,5.620516119744785932e+00,1.572090676971906298e+00,-1.904059964721325278e-04,8.428808785767177625e+00,4.775435222154197135e+00,1.261032837190280276e+01,-1.331684976845713519e+00,3.584416712115788273e-01,3.404108907294199682e+00
8.493489470697246801e+00,6.463558564973797438e+00,1.572041381134389626e+00,-2.773778886283696571e-04,8.432053744311374999e+00,4.861463003387973103e+00,1.228024371353532374e+01,-1.300137274662890086e+00,3.501883951516902571e-01,3.418392444461685109e+00
8.492464649009328070e+00,7.308023811094416011e+00,1.571976221699211251e+00,-3.398752475962745997e-04,8.457263618063436184e+00,4.958108577981670706e+00,1.195177705506759835e+01,-1.269275117731118341e+00,3.418715701589173928e-01,3.429673507568456792e+00
8.491497408537522773e+00,8.155504668947189728e+00,1.571896480327641399e+00,-4.128117913727155836e-04,8.492364582718231247e+00,5.065039220031521516e+00,1.162544161132895937e+01,-1.239176610353768915e+00,3.324975450390975085e-01,3.438743700431162509e+00
8.490601154326954614e+00,9.006592385378690224e+00,1.571799146838797734e+00,-5.020320469713005678e-04,8.529399190809328957e+00,5.181883827269013310e+00,1.130162968187787698e+01,-1.209995659207498298e+00,3.212849728968285024e-01,3.446464725314629440e+00
8.489792835435101992e+00,9.861264267695098340e+00,1.571681618929834379e+00,-5.980010270514973499e-04,8.564046110158646030e+00,5.308224941053366841e+00,1.098059989750110432e+01,-1.181950241076475949e+00,3.074580633723854040e-01,3.453680238746526854e+00
8.489091197197872418e+00,1.071918984352164550e+01,1.571543368377200878e+00,-6.911045972288877657e-04,8.594471158256947518e+00,5.443465294707604762e+00,1.066279884561651059e+01,-1.155186719764049297e+00,2.936541175192234898e-01,3.454129330193041802e+00
8.488514733780249344e+00,1.157992898244783397e+01,1.571385795243326111e+00,-7.733915082371583139e-04,8.620315498832443524e+00,5.586876414267965885e+00,1.034879880632255933e+01,-1.129771176353212114e+00,2.791294401857845053e-01,3.450048788932710053e+00
8.488079892225321998e+00,1.244304741887542676e+01,1.571212240900085932e+00,-8.352079740920797038e-04,8.642055442130921250e+00,5.737739414983992425e+00,1.003897621562467180e+01,-1.105772776712609984e+00,2.641965463403965209e-01,3.442131775496398483e+00
8.487799469682455467e+00,1.330817511612382020e+01,1.571027239722323943e+00,-8.755181931934252759e-04,8.660499436474196955e+00,5.895294270892103228e+00,9.733693424315223552e+00,-1.083139279695406465e+00,2.511223478246569774e-01,3.428855166791092479e+00
8.487682240294310176e+00,1.417502496317252891e+01,1.570835077472157781e+00,-8.979049873132092033e-04,8.676497689711389683e+00,6.058814049950187020e+00,9.433276104616114210e+00,-1.061689071104161330e+00,2.404167758787899012e-01,3.412015247076594981e+00
8.487733514566505377e+00,1.504338816889431385e+01,1.570639147957460624e+00,-9.071386632297519757e-04,8.690766482779533675e+00,6.227863664739200722e+00,9.137636739381287398e+00,-1.041146046126107949e+00,2.330895989526752810e-01,3.399283762414269994e+00
8.487955906623062319e+00,1.591311687581492684e+01,1.570442196678951241e+00,-9.044726013685169645e-04,8.703808252409249491e+00,6.402276674593364802e+00,8.846415614325632504e+00,-1.021334563736863155e+00,2.255836648107485409e-01,3.389925639218916764e+00
8.488349647922918351e+00,1.678410052254728413e+01,1.570246864308432411e+00,-8.896613818258425690e-04,8.715866489898292713e+00,6.581847069225863045e+00,8.559379916124425947e+00,-1.002333998811343552e+00,2.160318821678190448e-01,3.381734944315303082e+00
8.488912565484278971e+00,1.765623878991782547e+01,1.570055904277330994e+00,-8.619927811795203860e-04,8.726902517340327847e+00,6.766272936971287066e+00,8.276339867901155500e+00,-9.845130021592897185e-01,1.998661514447770404e-01,3.374820104113301689e+00
8.489639912163873703e+00,1.852941208217153601e+01,1.569872278605550786e+00,-8.203894352418126786e-04,8.736569411011135600e+00,6.955397934957616712e+00,7.996715707736442802e+00,-9.678724051813395457e-01,1.894865830254284234e-01,3.376789055949670271e+00
8.490524120820063914e+00,1.940344804408710999e+01,1.569699138787276738e+00,-7.643561512440821435e-04,8.744158794131863033e+00,7.149297300802067490e+00,7.719838108261069642e+00,-9.519514216876059365e-01,1.829494303991670012e-01,3.383701539481781317e+00
8.491554674325767493e+00,2.027807999057473864e+01,1.569539457338271715e+00,-6.962072360466980405e-04,8.748492296917348199e+00,7.347970580650425632e+00,7.445413996077614449e+00,-9.364343871817104592e-01,1.794384431025823345e-01,3.392195996600336549e+00
8.492718495722314742e+00,2.115288959004841018e+01,1.569395086040699550e+00,-6.240437708891134099e-04,8.747715190890371417e+00,7.551107223279450054e+00,7.173746603536512723e+00,-9.210516741671959107e-01,1.794384431025823345e-01,3.392195996600336549e+00
8.494001237607074373e+00,2.202721009230074856e+01,1.569265623763024697e+00,-5.605189284723382679e-04,8.738713685852058433e+00,7.758638786198204684e+00,6.904511440876320627e+00,-9.079114439919677704e-01,1.273360860849496734e-01,3.406585896468824259e+00
8.495388884306692034e+00,2.289992966829719734e+01,1.569148807547704916e+00,-5.102822865038326257e-04,8.715699907930215318e+00,7.969821420140875468e+00,6.636853760097560340e+00,-8.980241032719475935e-01,1.036295411899520735e-01,3.412202457714071713e+00
8.496868648575020444e+00,2.376935807526017896e+01,1.569040838190092435e+00,-4.831683383237873539e-04,8.672893425296553715e+00,8.183510572589636212e+00,6.371019169770561597e+00,-8.895361017705345485e-01,9.480272942290046689e-02,3.409286582568592294e+00
8.498430602029097614e+00,2.463363346853471469e+01,1.568937788230128083e+00,-4.706777785732261469e-04,8.612642676074223402e+00,8.399318087884736883e+00,6.107011331081795724e+00,-8.815355708272640811e-01,9.235080375312507139e-02,3.410497659202889942e+00
8.500074936081610133e+00,2.549489616608290987e+01,1.568836443734583641e+00,-4.706777785732261469e-04,8.612642676074223402e+00,8.617251336978027254e+00,5.844676740579719088e+00,-8.736390541213909788e-01,9.235080375312507139e-02,3.410497659202889942e+00
