8.500000000000000000e+00,0.000000000000000000e+00,1.570796326794896558e+00,0.000000000000000000e+00,4.000000000000000000e+00,4.500000000000000000e+00,1.500000000000000000e+01,-1.570796326794896558e+00,0.000000000000000000e+00,4.000000000000000000e+00
8.500306264350582452e+00,7.002844161336222450e-01,1.569579915325063357e+00,-1.215801949159857342e-02,1.000569060581044845e+01,4.503520829955796501e+00,1.461557025068133520e+01,-1.542488593278957598e+00,5.646303410744473172e-01,3.689185647070158058e+00
8.502969003555094218e+00,1.727810283135587710e+00,1.567014150061989186e+00,-7.855104728130541877e-03,1.054490138673916455e+01,4.525173795285976297e+00,1.424169128218551705e+01,-1.483518141004924740e+00,5.594192796590173877e-01,3.802008791181422875e+00
8.507942409988272559e+00,2.779077036765182473e+00,1.565200562218782565e+00,-5.943731357320469928e-03,1.048067185525138179e+01,4.570121913968929306e+00,1.385915638843825626e+01,-1.424604044618174248e+00,5.386432606637763243e-01,3.902436509105028595e+00
8.514603494644402915e+00,3.828877696530028629e+00,1.563732792976547881e+00,-5.241443922098939882e-03,1.051576587312729139e+01,4.638440345309388313e+00,1.347323363571857513e+01,-1.366826632151438625e+00,5.268336182185400229e-01,3.937117465231813274e+00
8.522737350245522592e+00,4.883620922375722984e+00,1.562479783722369175e+00,-4.262994556437667629e-03,1.057972727335075369e+01,4.728974369750936546e+00,1.309044922360287977e+01,-1.310598090147032213e+00,5.118776828487374697e-01,3.930819660852284070e+00
8.532075990059825088e+00,5.942750538208014355e+00,1.561542637703052794e+00,-2.815857416105546022e-03,1.060368921839837064e+01,4.840020152856398639e+00,1.271459228028124322e+01,-1.256894523195906110e+00,4.907428040107432721e-01,3.908479532950918323e+00
8.542202451767975546e+00,7.002423556866565590e+00,1.561008962361471131e+00,-1.212606991994077564e-03,1.059073909317256046e+01,4.969716256892502848e+00,1.234723708135951448e+01,-1.206443059269735940e+00,4.649919218767574747e-01,3.883904414051763343e+00
8.552656567523145625e+00,8.060303027499426065e+00,1.560885985412685972e+00,2.832028778058631301e-04,1.056788340052536590e+01,5.116276673788994422e+00,1.198873849524485280e+01,-1.159536853001985390e+00,4.370979293949474598e-01,3.862803237761160080e+00
8.563022869950199123e+00,9.116385024375022184e+00,1.561133149380785179e+00,1.589285230560739080e-03,1.055477410475296374e+01,5.278087956022700311e+00,1.163890532147680013e+01,-1.116130567110972471e+00,4.092322259921306604e-01,3.846657699588475143e+00
8.572948939099816812e+00,1.017194218223144553e+01,1.561702912507851426e+00,2.728669330797130112e-03,1.055730272947116255e+01,5.453735568036509385e+00,1.129735543599955072e+01,-1.075962797055431297e+00,3.830913238514029318e-01,3.835223410124487753e+00
8.582128110200530458e+00,1.122837954037029995e+01,1.562557052769390609e+00,3.738905839474637640e-03,1.057224262126832137e+01,5.641646683041753541e+00,1.096427415925341364e+01,-1.038779444921976269e+00,3.586367225217092503e-01,3.813843906628268332e+00
8.590271316337993568e+00,1.228660863249927360e+01,1.563695334116282476e+00,4.865596196269398113e-03,1.059296698597247577e+01,5.839714451318164024e+00,1.064073858406908180e+01,-1.004584175483624664e+00,3.333645366391776443e-01,3.773517529204501120e+00
8.597111543116508159e+00,1.334697685823926427e+01,1.565001234124551832e+00,4.986503400874628400e-03,1.061484028079402187e+01,6.045434249321701259e+00,1.032806970752531228e+01,-9.735955550681423265e-01,3.061275848287711154e-01,3.712300361303843221e+00
8.602515223139148404e+00,1.440940406136793506e+01,1.566465889165858050e+00,6.041669869184777483e-03,1.063398052056730059e+01,6.256354935133121131e+00,1.002705933004841121e+01,-9.461147164055223602e-01,2.749067507207044736e-01,3.638979450398435400e+00
8.606231748506891321e+00,1.547352905841013992e+01,1.568175887665127499e+00,6.813516433523095391e-03,1.064865181558891827e+01,6.471079685824054017e+00,9.736850350569097756e+00,-9.218765520052037976e-01,2.497235394037169431e-01,3.581390406104595581e+00
8.608041893782655052e+00,1.653888461360638829e+01,1.570032540049908443e+00,7.128217011777756781e-03,1.065849310497348945e+01,6.689391433588656177e+00,9.455537837420559200e+00,-9.000969001604056663e-01,2.301005479728898129e-01,3.540456607701744307e+00
8.607846948930387043e+00,1.760499782038186467e+01,1.571922515686549948e+00,7.053725042865955849e-03,1.066377456047995231e+01,6.911319470142288424e+00,9.181513600572937861e+00,-8.803028672786534781e-01,2.116008837361307293e-01,3.512071907821893380e+00
8.605671584077461134e+00,1.867142686101023230e+01,1.573723213351572836e+00,6.454291109506416976e-03,1.066485350839134050e+01,7.136687047158394748e+00,8.913689120761310036e+00,-8.626102800829728023e-01,1.873366060340808104e-01,3.488605020087100161e+00
8.601691259800135825e+00,1.973775353283793166e+01,1.575280413548080238e+00,5.228159339893917283e-03,1.066183065931117291e+01,7.365104203536326111e+00,8.651200653261581053e+00,-8.471002969304468611e-01,1.655133827198928542e-01,3.470619669034530563e+00
8.596243409434132232e+00,2.080354667710846783e+01,1.576466112365135563e+00,3.671509910431837876e-03,1.065431194486660083e+01,7.596115762013725181e+00,8.393362741452536469e+00,-8.336868085221624813e-01,1.419728880009812344e-01,3.453209518781591658e+00
8.589746838850411237e+00,2.186830135020349886e+01,1.577272257884929862e+00,2.385041808949154695e-03,1.064117847814921980e+01,7.829299306391355628e+00,8.139461922653259407e+00,-8.225026919590103791e-01,1.160976011029872801e-01,3.441467579970766355e+00
8.582557890688891078e+00,2.293125853014305449e+01,1.577816708136836166e+00,1.712245775555007194e-03,1.061845157811761986e+01,8.064496357706991247e+00,7.888559754959085346e+00,-8.130940466269822586e-01,1.018942813596803165e-01,3.436625859650460857e+00
8.574873795563508594e+00,2.399146964182948594e+01,1.578271368312625045e+00,1.718378109479653647e-03,1.058632775132121573e+01,8.301602600581384550e+00,7.640089372102286447e+00,-8.045934028118274517e-01,9.546677362701735947e-02,3.432365679924879398e+00
8.566737305092166466e+00,2.504778739578194191e+01,1.578726962739955164e+00,1.731960557239195595e-03,1.054065422996361256e+01,8.540234162921978012e+00,7.394133405404502923e+00,-7.964503738919812559e-01,9.405689371495040696e-02,3.421538580994668788e+00
8.558162478048503274e+00,2.609878423322841812e+01,1.579183237799894890e+00,1.741013214368263614e-03,1.047998228890614847e+01,8.780469056328868760e+00,7.150502899573765170e+00,-7.883810820469436820e-01,9.405689371495040696e-02,3.421538580994668788e+00
8.549171805180712624e+00,2.714254265577823233e+01,1.579635952742848071e+00,1.728721003674437828e-03,1.039596075997568825e+01,9.019784219402804837e+00,6.911328865195302207e+00,-7.825398710132175362e-01,4.361875243223777010e-02,3.345330548466277865e+00
8.539802787593332667e+00,2.817647692293939699e+01,1.580077458141847080e+00,1.687179823908696065e-03,1.028357370932486425e+01,9.254051940614436589e+00,6.679093227091888352e+00,-7.798485921904412255e-01,2.151998194688456781e-02,3.252087826289430605e+00
8.530106997923287082e+00,2.919774079189622285e+01,1.580499543632756909e+00,1.618888608421431476e-03,1.014262431047870017e+01,9.482151683296567768e+00,6.453856691241723453e+00,-7.784131267928501297e-01,1.426452817504119883e-02,3.159183729152707176e+00
8.520122024242718695e+00,3.020579207813915090e+01,1.580900585396668445e+00,1.563549021401581043e-03,1.001939055923896937e+01,9.705994967884560509e+00,6.233361052471121155e+00,-7.773270044302098558e-01,1.338605141232390022e-02,3.124896234627715597e+00
8.509802152987406387e+00,3.120767797943287292e+01,1.581292230923417863e+00,1.563549021401581043e-03,1.001939055923896937e+01,9.928849281305181407e+00,6.014304642244064247e+00,-7.762811914229443833e-01,1.338605141232390022e-02,3.124896234627715597e+00
